<?xml version="1.0" encoding="UTF-8"?>
<!-- Generated by org.testng.reporters.JUnitReportReporter -->
<testsuite skipped="0" hostname="DESKTOP-T5U0599" name="com.assignmentiPhone.test.IphoneTest" tests="1" failures="0" timestamp="16 Jan 2020 09:47:43 GMT" time="40.236" errors="0">
  <testcase name="seachTest" time="40.236" classname="com.assignmentiPhone.test.IphoneTest"/>
</testsuite> <!-- com.assignmentiPhone.test.IphoneTest -->
